<?xml version="1.0" encoding="UTF-8"?>
<!-- Generated by org.testng.reporters.JUnitReportReporter -->
<testsuite hostname="DESKTOP-BHA5M4A" failures="0" tests="1" name="PracticeAutomation51TestCases.HomePage18._5HomePageArrivalsImagesReviews" time="13.587" errors="0" timestamp="2022-05-31T09:20:32 EDT" skipped="0">
  <testcase classname="PracticeAutomation51TestCases.HomePage18._5HomePageArrivalsImagesReviews" name="ImagesReviews" time="13.587"/>
  <system-out/>
</testsuite> <!-- PracticeAutomation51TestCases.HomePage18._5HomePageArrivalsImagesReviews -->
