<?xml version="1.0" encoding="UTF-8"?>
<!-- Generated by org.testng.reporters.JUnitReportReporter -->
<testsuite hostname="DESKTOP-BHA5M4A" failures="0" tests="1" name="PracticeAutomation51TestCases.HomePage18._017HomeArrivalsAddToBasketItemsCheckOutPaymentGateway" time="27.215" errors="0" timestamp="2022-05-31T10:53:33 EDT" skipped="0">
  <testcase classname="PracticeAutomation51TestCases.HomePage18._017HomeArrivalsAddToBasketItemsCheckOutPaymentGateway" name="PaymentGateway" time="27.215"/>
  <system-out/>
</testsuite> <!-- PracticeAutomation51TestCases.HomePage18._017HomeArrivalsAddToBasketItemsCheckOutPaymentGateway -->
