<?xml version="1.0" encoding="UTF-8"?>
<!-- Generated by org.testng.reporters.JUnitReportReporter -->
<testsuite hostname="DESKTOP-BHA5M4A" failures="0" tests="1" name="PracticeAutomation51TestCases.HomePage18._1HomePageWithThreeSlidersOnly" time="9.520" errors="0" timestamp="2022-05-27T10:28:43 EDT" skipped="0">
  <testcase classname="PracticeAutomation51TestCases.HomePage18._1HomePageWithThreeSlidersOnly" name="ThreeSliders" time="9.520"/>
  <system-out/>
</testsuite> <!-- PracticeAutomation51TestCases.HomePage18._1HomePageWithThreeSlidersOnly -->
