<?xml version="1.0" encoding="UTF-8"?>
<!-- Generated by org.testng.reporters.JUnitReportReporter -->
<testsuite hostname="DESKTOP-BHA5M4A" failures="0" tests="1" name="PracticeAutomation51TestCases.HomePage18._2HomePageWithThreeArrivalsOnly" time="8.759" errors="0" timestamp="2022-05-27T10:32:08 EDT" skipped="0">
  <testcase classname="PracticeAutomation51TestCases.HomePage18._2HomePageWithThreeArrivalsOnly" name="ThreeSliders" time="8.759"/>
  <system-out/>
</testsuite> <!-- PracticeAutomation51TestCases.HomePage18._2HomePageWithThreeArrivalsOnly -->
