<?xml version="1.0" encoding="UTF-8"?>
<!-- Generated by org.testng.reporters.JUnitReportReporter -->
<testsuite hostname="DESKTOP-BHA5M4A" failures="0" tests="1" name="PracticeAutomation51TestCases.HomePage18._9HomeArrivalsAddtoBasketItemsCoupon_" time="18.558" errors="0" timestamp="2022-05-31T09:23:00 EDT" skipped="0">
  <testcase classname="PracticeAutomation51TestCases.HomePage18._9HomeArrivalsAddtoBasketItemsCoupon_" name="BasketItemsCoupon" time="18.558"/>
  <system-out/>
</testsuite> <!-- PracticeAutomation51TestCases.HomePage18._9HomeArrivalsAddtoBasketItemsCoupon_ -->
