<?xml version="1.0" encoding="UTF-8"?>
<!-- Generated by org.testng.reporters.JUnitReportReporter -->
<testsuite hostname="DESKTOP-BHA5M4A" failures="0" tests="1" name="PracticeAutomation51TestCases.HomePage18._016HomeArrivalsAddToBasketItemsCheckOutFunctionality" time="18.184" errors="0" timestamp="2022-05-31T10:24:20 EDT" skipped="0">
  <testcase classname="PracticeAutomation51TestCases.HomePage18._016HomeArrivalsAddToBasketItemsCheckOutFunctionality" name="CheckOutFunctionality" time="18.184"/>
  <system-out/>
</testsuite> <!-- PracticeAutomation51TestCases.HomePage18._016HomeArrivalsAddToBasketItemsCheckOutFunctionality -->
