<?xml version="1.0" encoding="UTF-8"?>
<!-- Generated by org.testng.reporters.JUnitReportReporter -->
<testsuite hostname="DESKTOP-BHA5M4A" failures="0" tests="1" name="PracticeAutomation51TestCases.HomePage18._015HomeArrivalsAddToBasketItemsCheckOutTotalSubtotalCondition" time="14.902" errors="0" timestamp="2022-05-31T10:10:31 EDT" skipped="0">
  <testcase classname="PracticeAutomation51TestCases.HomePage18._015HomeArrivalsAddToBasketItemsCheckOutTotalSubtotalCondition" name="SubtotalCondition" time="14.902"/>
  <system-out/>
</testsuite> <!-- PracticeAutomation51TestCases.HomePage18._015HomeArrivalsAddToBasketItemsCheckOutTotalSubtotalCondition -->
