<?xml version="1.0" encoding="UTF-8"?>
<!-- Generated by org.testng.reporters.JUnitReportReporter -->
<testsuite hostname="DESKTOP-BHA5M4A" failures="0" tests="1" name="PracticeAutomation51TestCases.HomePage18._4HomePageArrivalsImagesDescription" time="17.385" errors="0" timestamp="2022-05-27T10:41:17 EDT" skipped="0">
  <testcase classname="PracticeAutomation51TestCases.HomePage18._4HomePageArrivalsImagesDescription" name="ThreeSliders" time="17.385"/>
  <system-out/>
</testsuite> <!-- PracticeAutomation51TestCases.HomePage18._4HomePageArrivalsImagesDescription -->
