<?xml version="1.0" encoding="UTF-8"?>
<!-- Generated by org.testng.reporters.JUnitReportReporter -->
<testsuite hostname="DESKTOP-BHA5M4A" failures="0" tests="8" name="PracticeAutomation51TestCases.MyAccountLogin8.MyAccountLogin" time="140.843" errors="0" timestamp="2022-05-31T15:46:37 EDT" skipped="0">
  <testcase classname="PracticeAutomation51TestCases.MyAccountLogin8.MyAccountLogin" name="_5emptyUsernameEmptyPassword" time="11.348"/>
  <system-out/>
  <testcase classname="PracticeAutomation51TestCases.MyAccountLogin8.MyAccountLogin" name="_4emptyUsernameValidPassword" time="19.072"/>
  <system-out/>
  <testcase classname="PracticeAutomation51TestCases.MyAccountLogin8.MyAccountLogin" name="_6passwordShouldBeMasked" time="13.144"/>
  <system-out/>
  <testcase classname="PracticeAutomation51TestCases.MyAccountLogin8.MyAccountLogin" name="_7caseSensitive" time="14.838"/>
  <system-out/>
  <testcase classname="PracticeAutomation51TestCases.MyAccountLogin8.MyAccountLogin" name="_1validUsernamePassword" time="17.691"/>
  <system-out/>
  <testcase classname="PracticeAutomation51TestCases.MyAccountLogin8.MyAccountLogin" name="_2incorrectUsernamePassword" time="20.784"/>
  <system-out/>
  <testcase classname="PracticeAutomation51TestCases.MyAccountLogin8.MyAccountLogin" name="_3correctUsernameEmptyPassword" time="19.405"/>
  <system-out/>
  <testcase classname="PracticeAutomation51TestCases.MyAccountLogin8.MyAccountLogin" name="_8authentication" time="24.561"/>
  <system-out/>
</testsuite> <!-- PracticeAutomation51TestCases.MyAccountLogin8.MyAccountLogin -->
