<?xml version="1.0" encoding="UTF-8"?>
<!-- Generated by org.testng.reporters.JUnitReportReporter -->
<testsuite hostname="DESKTOP-BHA5M4A" failures="0" tests="1" name="PracticeAutomation51TestCases.HomePage18._8HomeArrivalsAddToBasketItems" time="16.140" errors="0" timestamp="2022-05-31T09:21:45 EDT" skipped="0">
  <testcase classname="PracticeAutomation51TestCases.HomePage18._8HomeArrivalsAddToBasketItems" name="ThreeSliders" time="16.140"/>
  <system-out/>
</testsuite> <!-- PracticeAutomation51TestCases.HomePage18._8HomeArrivalsAddToBasketItems -->
