<?xml version="1.0" encoding="UTF-8"?>
<!-- Generated by org.testng.reporters.JUnitReportReporter -->
<testsuite hostname="DESKTOP-BHA5M4A" failures="0" tests="1" name="PracticeAutomation51TestCases.HomePage18._012HomeArrivalsAddToBasketItemsAddBook" time="18.230" errors="0" timestamp="2022-05-31T10:04:53 EDT" skipped="0">
  <testcase classname="PracticeAutomation51TestCases.HomePage18._012HomeArrivalsAddToBasketItemsAddBook" name="AddBook" time="18.230"/>
  <system-out/>
</testsuite> <!-- PracticeAutomation51TestCases.HomePage18._012HomeArrivalsAddToBasketItemsAddBook -->
