<?xml version="1.0" encoding="UTF-8"?>
<!-- Generated by org.testng.reporters.JUnitReportReporter -->
<testsuite hostname="DESKTOP-BHA5M4A" failures="0" tests="1" name="PracticeAutomation51TestCases.HomePage18._6HomePageArrivalsImagesAddToBasket" time="15.521" errors="0" timestamp="2022-05-31T09:21:12 EDT" skipped="0">
  <testcase classname="PracticeAutomation51TestCases.HomePage18._6HomePageArrivalsImagesAddToBasket" name="AddToBasket" time="15.521"/>
  <system-out/>
</testsuite> <!-- PracticeAutomation51TestCases.HomePage18._6HomePageArrivalsImagesAddToBasket -->
