<?xml version="1.0" encoding="UTF-8"?>
<!-- Generated by org.testng.reporters.JUnitReportReporter -->
<testsuite hostname="DESKTOP-BHA5M4A" failures="0" tests="1" name="PracticeAutomation51TestCases.HomePage18._3HomePageImagesInArrivalsShouldNavigate" time="15.266" errors="0" timestamp="2022-05-27T10:36:13 EDT" skipped="0">
  <testcase classname="PracticeAutomation51TestCases.HomePage18._3HomePageImagesInArrivalsShouldNavigate" name="ThreeSliders" time="15.266"/>
  <system-out/>
</testsuite> <!-- PracticeAutomation51TestCases.HomePage18._3HomePageImagesInArrivalsShouldNavigate -->
